# JRE version: Java(TM) SE Runtime Environment (8.0_162-b12) (build 1.8.0_162-b12)
# Java VM: Java HotSpot(TM) 64-Bit Server VM (25.162-b12 mixed mode windows-amd64 compressed oops)
Heap:
 PSYoungGen      total 241152K, used 19075K [0x000000076af00000, 0x000000077c280000, 0x00000007c0000000)
  eden space 230400K, 8% used [0x000000076af00000,0x000000076c1a0eb0,0x0000000779000000)
  from space 10752K, 0% used [0x000000077ad80000,0x000000077ad80000,0x000000077b800000)
  to   space 9216K, 0% used [0x000000077b980000,0x000000077b980000,0x000000077c280000)
 ParOldGen       total 121856K, used 23011K [0x00000006c0c00000, 0x00000006c8300000, 0x000000076af00000)
  object space 121856K, 18% used [0x00000006c0c00000,0x00000006c2278c80,0x00000006c8300000)
 Metaspace       used 56950K, capacity 59853K, committed 60120K, reserved 1101824K
  class space    used 7875K, capacity 8376K, committed 8448K, reserved 1048576K
GC Heap History (10 events):
Event: 6.050 GC heap before
{Heap before GC invocations=6 (full 1):
 PSYoungGen      total 239616K, used 125263K [0x000000076af00000, 0x000000077c280000, 0x00000007c0000000)
  eden space 230400K, 50% used [0x000000076af00000,0x0000000772064808,0x0000000779000000)
  from space 9216K, 99% used [0x000000077b980000,0x000000077c26f768,0x000000077c280000)
  to   space 10752K, 0% used [0x000000077ad80000,0x000000077ad80000,0x000000077b800000)
 ParOldGen       total 84480K, used 5300K [0x00000006c0c00000, 0x00000006c5e80000, 0x000000076af00000)
  object space 84480K, 6% used [0x00000006c0c00000,0x00000006c112d1b0,0x00000006c5e80000)
 Metaspace       used 33634K, capacity 35449K, committed 35456K, reserved 1079296K
  class space    used 4388K, capacity 4730K, committed 4736K, reserved 1048576K
Event: 6.061 GC heap after
Heap after GC invocations=6 (full 1):
 PSYoungGen      total 241152K, used 10729K [0x000000076af00000, 0x000000077c280000, 0x00000007c0000000)
  eden space 230400K, 0% used [0x000000076af00000,0x000000076af00000,0x0000000779000000)
  from space 10752K, 99% used [0x000000077ad80000,0x000000077b7fa430,0x000000077b800000)
  to   space 9216K, 0% used [0x000000077b980000,0x000000077b980000,0x000000077c280000)
 ParOldGen       total 84480K, used 5884K [0x00000006c0c00000, 0x00000006c5e80000, 0x000000076af00000)
  object space 84480K, 6% used [0x00000006c0c00000,0x00000006c11bf338,0x00000006c5e80000)
 Metaspace       used 33634K, capacity 35449K, committed 35456K, reserved 1079296K
  class space    used 4388K, capacity 4730K, committed 4736K, reserved 1048576K
}
Event: 6.061 GC heap before
{Heap before GC invocations=7 (full 2):
 PSYoungGen      total 241152K, used 10729K [0x000000076af00000, 0x000000077c280000, 0x00000007c0000000)
  eden space 230400K, 0% used [0x000000076af00000,0x000000076af00000,0x0000000779000000)
  from space 10752K, 99% used [0x000000077ad80000,0x000000077b7fa430,0x000000077b800000)
  to   space 9216K, 0% used [0x000000077b980000,0x000000077b980000,0x000000077c280000)
 ParOldGen       total 84480K, used 5884K [0x00000006c0c00000, 0x00000006c5e80000, 0x000000076af00000)
  object space 84480K, 6% used [0x00000006c0c00000,0x00000006c11bf338,0x00000006c5e80000)
 Metaspace       used 33634K, capacity 35449K, committed 35456K, reserved 1079296K
  class space    used 4388K, capacity 4730K, committed 4736K, reserved 1048576K
Event: 6.107 GC heap after
Heap after GC invocations=7 (full 2):
 PSYoungGen      total 241152K, used 0K [0x000000076af00000, 0x000000077c280000, 0x00000007c0000000)
  eden space 230400K, 0% used [0x000000076af00000,0x000000076af00000,0x0000000779000000)
  from space 10752K, 0% used [0x000000077ad80000,0x000000077ad80000,0x000000077b800000)
  to   space 9216K, 0% used [0x000000077b980000,0x000000077b980000,0x000000077c280000)
 ParOldGen       total 121856K, used 15140K [0x00000006c0c00000, 0x00000006c8300000, 0x000000076af00000)
  object space 121856K, 12% used [0x00000006c0c00000,0x00000006c1ac9210,0x00000006c8300000)
 Metaspace       used 33634K, capacity 35449K, committed 35456K, reserved 1079296K
  class space    used 4388K, capacity 4730K, committed 4736K, reserved 1048576K
}
Event: 9.725 GC heap before
{Heap before GC invocations=8 (full 2):
 PSYoungGen      total 241152K, used 230400K [0x000000076af00000, 0x000000077c280000, 0x00000007c0000000)
  eden space 230400K, 100% used [0x000000076af00000,0x0000000779000000,0x0000000779000000)
  from space 10752K, 0% used [0x000000077ad80000,0x000000077ad80000,0x000000077b800000)
  to   space 9216K, 0% used [0x000000077b980000,0x000000077b980000,0x000000077c280000)
 ParOldGen       total 121856K, used 15140K [0x00000006c0c00000, 0x00000006c8300000, 0x000000076af00000)
  object space 121856K, 12% used [0x00000006c0c00000,0x00000006c1ac9210,0x00000006c8300000)
 Metaspace       used 53381K, capacity 55993K, committed 56192K, reserved 1097728K
  class space    used 7321K, capacity 7778K, committed 7808K, reserved 1048576K
Event: 9.745 GC heap after
Heap after GC invocations=8 (full 2):
 PSYoungGen      total 239616K, used 9197K [0x000000076af00000, 0x000000077c280000, 0x00000007c0000000)
  eden space 230400K, 0% used [0x000000076af00000,0x000000076af00000,0x0000000779000000)
  from space 9216K, 99% used [0x000000077b980000,0x000000077c27b650,0x000000077c280000)
  to   space 10752K, 0% used [0x000000077ad80000,0x000000077ad80000,0x000000077b800000)
 ParOldGen       total 121856K, used 28403K [0x00000006c0c00000, 0x00000006c8300000, 0x000000076af00000)
  object space 121856K, 23% used [0x00000006c0c00000,0x00000006c27bcfe8,0x00000006c8300000)
 Metaspace       used 53381K, capacity 55993K, committed 56192K, reserved 1097728K
  class space    used 7321K, capacity 7778K, committed 7808K, reserved 1048576K
}
Event: 10.480 GC heap before
{Heap before GC invocations=9 (full 2):
 PSYoungGen      total 239616K, used 60540K [0x000000076af00000, 0x000000077c280000, 0x00000007c0000000)
  eden space 230400K, 22% used [0x000000076af00000,0x000000076e123cc0,0x0000000779000000)
  from space 9216K, 99% used [0x000000077b980000,0x000000077c27b650,0x000000077c280000)
  to   space 10752K, 0% used [0x000000077ad80000,0x000000077ad80000,0x000000077b800000)
 ParOldGen       total 121856K, used 28403K [0x00000006c0c00000, 0x00000006c8300000, 0x000000076af00000)
  object space 121856K, 23% used [0x00000006c0c00000,0x00000006c27bcfe8,0x00000006c8300000)
 Metaspace       used 56236K, capacity 59035K, committed 59096K, reserved 1099776K
  class space    used 7724K, capacity 8181K, committed 8192K, reserved 1048576K
Event: 10.492 GC heap after
Heap after GC invocations=9 (full 2):
 PSYoungGen      total 241152K, used 10726K [0x000000076af00000, 0x000000077c280000, 0x00000007c0000000)
  eden space 230400K, 0% used [0x000000076af00000,0x000000076af00000,0x0000000779000000)
  from space 10752K, 99% used [0x000000077ad80000,0x000000077b7f99e0,0x000000077b800000)
  to   space 9216K, 0% used [0x000000077b980000,0x000000077b980000,0x000000077c280000)
 ParOldGen       total 121856K, used 30586K [0x00000006c0c00000, 0x00000006c8300000, 0x000000076af00000)
  object space 121856K, 25% used [0x00000006c0c00000,0x00000006c29de878,0x00000006c8300000)
 Metaspace       used 56236K, capacity 59035K, committed 59096K, reserved 1099776K
  class space    used 7724K, capacity 8181K, committed 8192K, reserved 1048576K
}
Event: 10.492 GC heap before
{Heap before GC invocations=10 (full 3):
 PSYoungGen      total 241152K, used 10726K [0x000000076af00000, 0x000000077c280000, 0x00000007c0000000)
  eden space 230400K, 0% used [0x000000076af00000,0x000000076af00000,0x0000000779000000)
  from space 10752K, 99% used [0x000000077ad80000,0x000000077b7f99e0,0x000000077b800000)
  to   space 9216K, 0% used [0x000000077b980000,0x000000077b980000,0x000000077c280000)
 ParOldGen       total 121856K, used 30586K [0x00000006c0c00000, 0x00000006c8300000, 0x000000076af00000)
  object space 121856K, 25% used [0x00000006c0c00000,0x00000006c29de878,0x00000006c8300000)
 Metaspace       used 56236K, capacity 59035K, committed 59096K, reserved 1099776K
  class space    used 7724K, capacity 8181K, committed 8192K, reserved 1048576K
Event: 10.585 GC heap after
Heap after GC invocations=10 (full 3):
 PSYoungGen      total 241152K, used 0K [0x000000076af00000, 0x000000077c280000, 0x00000007c0000000)
  eden space 230400K, 0% used [0x000000076af00000,0x000000076af00000,0x0000000779000000)
  from space 10752K, 0% used [0x000000077ad80000,0x000000077ad80000,0x000000077b800000)
  to   space 9216K, 0% used [0x000000077b980000,0x000000077b980000,0x000000077c280000)
 ParOldGen       total 121856K, used 23011K [0x00000006c0c00000, 0x00000006c8300000, 0x000000076af00000)
  object space 121856K, 18% used [0x00000006c0c00000,0x00000006c2278c80,0x00000006c8300000)
 Metaspace       used 56236K, capacity 59035K, committed 59096K, reserved 1099776K
  class space    used 7724K, capacity 8181K, committed 8192K, reserved 1048576K
}

